<?xml version="1.0" encoding="UTF-8"?>
<!-- Generated by org.testng.reporters.JUnitXMLReporter -->
<testsuite hostname="DESKTOP-QA8EEE9" ignored="0" name="Test" tests="13" failures="0" timestamp="03 Mar 2019 23:39:12 GMT" time="20.471" errors="0">
  <testcase name="@BeforeSuite setUp" time="35.65" classname="assignment.mindtickle.ContentHomePageTest">
    <failure type="org.openqa.selenium.TimeoutException" message="timeout
  (Session info: chrome=72.0.3626.119)
  (Driver info: chromedriver=2.45.615291 (ec3682e3c9061c10f26ea9e5cdcf3c53f3f74387),platform=Windows NT 10.0.17134 x86_64) (WARNING: The server did not provide any stacktrace information)
Command duration or timeout: 22.25 seconds
Build info: version: &amp;apos;2.53.0&amp;apos;, revision: &amp;apos;35ae25b&amp;apos;, time: &amp;apos;2016-03-15 16:57:40&amp;apos;
System info: host: &amp;apos;DESKTOP-QA8EEE9&amp;apos;, ip: &amp;apos;192.168.0.107&amp;apos;, os.name: &amp;apos;Windows 10&amp;apos;, os.arch: &amp;apos;amd64&amp;apos;, os.version: &amp;apos;10.0&amp;apos;, java.version: &amp;apos;1.8.0_161&amp;apos;
Driver info: org.openqa.selenium.chrome.ChromeDriver
Capabilities [{mobileEmulationEnabled=false, timeouts={implicit=0, pageLoad=300000, script=30000}, hasTouchScreen=false, platform=XP, acceptSslCerts=false, goog:chromeOptions={debuggerAddress=localhost:53970}, acceptInsecureCerts=false, webStorageEnabled=true, browserName=chrome, takesScreenshot=true, javascriptEnabled=true, setWindowRect=true, unexpectedAlertBehaviour=ignore, applicationCacheEnabled=false, rotatable=false, networkConnectionEnabled=false, chrome={chromedriverVersion=2.45.615291 (ec3682e3c9061c10f26ea9e5cdcf3c53f3f74387), userDataDir=C:\Users\prasad\AppData\Local\Temp\scoped_dir16440_19028}, takesHeapSnapshot=true, pageLoadStrategy=normal, strictFileInteractability=false, databaseEnabled=false, handlesAlerts=true, version=72.0.3626.119, browserConnectionEnabled=false, proxy={}, nativeEvents=true, locationContextEnabled=true, cssSelectorsEnabled=true}]
Session ID: c66ccd23a653df3232f30453ee3943c8">
      <![CDATA[org.openqa.selenium.TimeoutException: timeout
  (Session info: chrome=72.0.3626.119)
  (Driver info: chromedriver=2.45.615291 (ec3682e3c9061c10f26ea9e5cdcf3c53f3f74387),platform=Windows NT 10.0.17134 x86_64) (WARNING: The server did not provide any stacktrace information)
Command duration or timeout: 22.25 seconds
Build info: version: '2.53.0', revision: '35ae25b', time: '2016-03-15 16:57:40'
System info: host: 'DESKTOP-QA8EEE9', ip: '192.168.0.107', os.name: 'Windows 10', os.arch: 'amd64', os.version: '10.0', java.version: '1.8.0_161'
Driver info: org.openqa.selenium.chrome.ChromeDriver
Capabilities [{mobileEmulationEnabled=false, timeouts={implicit=0, pageLoad=300000, script=30000}, hasTouchScreen=false, platform=XP, acceptSslCerts=false, goog:chromeOptions={debuggerAddress=localhost:53970}, acceptInsecureCerts=false, webStorageEnabled=true, browserName=chrome, takesScreenshot=true, javascriptEnabled=true, setWindowRect=true, unexpectedAlertBehaviour=ignore, applicationCacheEnabled=false, rotatable=false, networkConnectionEnabled=false, chrome={chromedriverVersion=2.45.615291 (ec3682e3c9061c10f26ea9e5cdcf3c53f3f74387), userDataDir=C:\Users\prasad\AppData\Local\Temp\scoped_dir16440_19028}, takesHeapSnapshot=true, pageLoadStrategy=normal, strictFileInteractability=false, databaseEnabled=false, handlesAlerts=true, version=72.0.3626.119, browserConnectionEnabled=false, proxy={}, nativeEvents=true, locationContextEnabled=true, cssSelectorsEnabled=true}]
Session ID: c66ccd23a653df3232f30453ee3943c8
at org.openqa.selenium.remote.ErrorHandler.createThrowable(ErrorHandler.java:206)
at org.openqa.selenium.remote.ErrorHandler.throwIfResponseFailed(ErrorHandler.java:158)
at org.openqa.selenium.remote.RemoteWebDriver.execute(RemoteWebDriver.java:678)
at org.openqa.selenium.remote.RemoteWebDriver.get(RemoteWebDriver.java:316)
at mt.qa.base.TestBase.launchBrowser(TestBase.java:53)
at assignment.mindtickle.ContentHomePageTest.setUp(ContentHomePageTest.java:26)
... Removed 24 stack frames]]>
    </failure>
  </testcase> <!-- @BeforeSuite setUp -->
  <testcase name="@BeforeSuite setUp" time="0.0" classname="assignment.mindtickle.CreateNewCourseTest">
    <skipped/>
  </testcase> <!-- @BeforeSuite setUp -->
  <testcase name="@BeforeSuite setUp" time="0.0" classname="assignment.mindtickle.CreateTopicPageTest">
    <skipped/>
  </testcase> <!-- @BeforeSuite setUp -->
  <testcase name="@BeforeSuite setUp" time="0.0" classname="assignment.mindtickle.EditCourseTopicPageTest">
    <skipped/>
  </testcase> <!-- @BeforeSuite setUp -->
  <testcase name="@BeforeSuite setUp" time="0.0" classname="assignment.mindtickle.InviteLearersPageTest">
    <skipped/>
  </testcase> <!-- @BeforeSuite setUp -->
  <testcase name="@BeforeSuite launchApp" time="0.0" classname="assignment.mindtickle.LoginPageTest">
    <skipped/>
  </testcase> <!-- @BeforeSuite launchApp -->
  <testcase name="@BeforeSuite setUp" time="0.0" classname="assignment.mindtickle.PublishCourseTest">
    <skipped/>
  </testcase> <!-- @BeforeSuite setUp -->
  <testcase name="validatePageTitle" time="0.0" classname="assignment.mindtickle.CreateTopicPageTest">
    <skipped/>
  </testcase> <!-- validatePageTitle -->
  <testcase name="validateHomePageTitle" time="0.0" classname="assignment.mindtickle.ContentHomePageTest">
    <skipped/>
  </testcase> <!-- validateHomePageTitle -->
  <testcase name="validateCreateNewCoursePage" time="0.0" classname="assignment.mindtickle.CreateNewCourseTest">
    <skipped/>
  </testcase> <!-- validateCreateNewCoursePage -->
  <testcase name="validatePageTitleTest" time="0.0" classname="assignment.mindtickle.LoginPageTest">
    <skipped/>
  </testcase> <!-- validatePageTitleTest -->
  <testcase name="createTopic" time="0.0" classname="assignment.mindtickle.CreateTopicPageTest">
    <skipped/>
  </testcase> <!-- createTopic -->
  <testcase name="editTopic" time="0.0" classname="assignment.mindtickle.EditCourseTopicPageTest">
    <skipped/>
  </testcase> <!-- editTopic -->
  <testcase name="validateHeader" time="0.0" classname="assignment.mindtickle.AddLearningContentPageTest">
    <skipped/>
  </testcase> <!-- validateHeader -->
  <testcase name="publishCourse" time="0.0" classname="assignment.mindtickle.PublishCourseTest">
    <skipped/>
  </testcase> <!-- publishCourse -->
  <testcase name="inviteLearner" time="0.0" classname="assignment.mindtickle.InviteLearersPageTest">
    <skipped/>
  </testcase> <!-- inviteLearner -->
  <testcase name="loginTest" time="0.0" classname="assignment.mindtickle.LoginPageTest">
    <skipped/>
  </testcase> <!-- loginTest -->
  <testcase name="openCreateNewCoursePage" time="0.0" classname="assignment.mindtickle.ContentHomePageTest">
    <skipped/>
  </testcase> <!-- openCreateNewCoursePage -->
  <testcase name="createNewCourse" time="0.0" classname="assignment.mindtickle.CreateNewCourseTest">
    <skipped/>
  </testcase> <!-- createNewCourse -->
  <testcase name="addLearningContent" time="0.0" classname="assignment.mindtickle.AddLearningContentPageTest">
    <skipped/>
  </testcase> <!-- addLearningContent -->
</testsuite> <!-- Test -->
